Using Spark's default log4j profile: org/apache/spark/log4j-defaults.properties
19/04/02 20:48:21 INFO SparkContext: Running Spark version 1.5.2
19/04/02 20:48:21 WARN NativeCodeLoader: Unable to load native-hadoop library for your platform... using builtin-java classes where applicable
19/04/02 20:48:21 INFO SecurityManager: Changing view acls to: gshastri
19/04/02 20:48:21 INFO SecurityManager: Changing modify acls to: gshastri
19/04/02 20:48:21 INFO SecurityManager: SecurityManager: authentication disabled; ui acls disabled; users with view permissions: Set(gshastri); users with modify permissions: Set(gshastri)
19/04/02 20:48:22 INFO Slf4jLogger: Slf4jLogger started
19/04/02 20:48:22 INFO Remoting: Starting remoting
19/04/02 20:48:22 INFO Remoting: Remoting started; listening on addresses :[akka.tcp://sparkDriver@198.202.114.27:37395]
19/04/02 20:48:22 INFO Utils: Successfully started service 'sparkDriver' on port 37395.
19/04/02 20:48:22 INFO SparkEnv: Registering MapOutputTracker
19/04/02 20:48:22 INFO SparkEnv: Registering BlockManagerMaster
19/04/02 20:48:22 INFO DiskBlockManager: Created local directory at /tmp/blockmgr-997794e7-07aa-41c9-aea0-1ca487fa1283
19/04/02 20:48:22 INFO MemoryStore: MemoryStore started with capacity 530.0 MB
19/04/02 20:48:22 INFO HttpFileServer: HTTP File server directory is /tmp/spark-d37b1d70-c25e-44e1-9a39-a2ba5b3bc521/httpd-c2945081-85e5-427d-9024-47c3afc4802b
19/04/02 20:48:22 INFO HttpServer: Starting HTTP Server
19/04/02 20:48:22 INFO Utils: Successfully started service 'HTTP file server' on port 35188.
19/04/02 20:48:22 INFO SparkEnv: Registering OutputCommitCoordinator
19/04/02 20:48:23 INFO Utils: Successfully started service 'SparkUI' on port 4040.
19/04/02 20:48:23 INFO SparkUI: Started SparkUI at http://198.202.114.27:4040
19/04/02 20:48:23 INFO SparkContext: Added JAR file:/home/gshastri/project5/graph.jar at http://198.202.114.27:35188/jars/graph.jar with timestamp 1554263303153
19/04/02 20:48:23 WARN MetricsSystem: Using default name DAGScheduler for source because spark.app.id is not set.
19/04/02 20:48:23 INFO Executor: Starting executor ID driver on host localhost
19/04/02 20:48:26 WARN ThreadLocalRandom: Failed to generate a seed from SecureRandom within 3 seconds. Not enough entrophy?
19/04/02 20:48:26 INFO Utils: Successfully started service 'org.apache.spark.network.netty.NettyBlockTransferService' on port 33318.
19/04/02 20:48:26 INFO NettyBlockTransferService: Server created on 33318
19/04/02 20:48:26 INFO BlockManagerMaster: Trying to register BlockManager
19/04/02 20:48:26 INFO BlockManagerMasterEndpoint: Registering block manager localhost:33318 with 530.0 MB RAM, BlockManagerId(driver, localhost, 33318)
19/04/02 20:48:26 INFO BlockManagerMaster: Registered BlockManager
19/04/02 20:48:27 INFO MemoryStore: ensureFreeSpace(120040) called with curMem=0, maxMem=555755765
19/04/02 20:48:27 INFO MemoryStore: Block broadcast_0 stored as values in memory (estimated size 117.2 KB, free 529.9 MB)
19/04/02 20:48:27 INFO MemoryStore: ensureFreeSpace(12673) called with curMem=120040, maxMem=555755765
19/04/02 20:48:27 INFO MemoryStore: Block broadcast_0_piece0 stored as bytes in memory (estimated size 12.4 KB, free 529.9 MB)
19/04/02 20:48:27 INFO BlockManagerInfo: Added broadcast_0_piece0 in memory on localhost:33318 (size: 12.4 KB, free: 530.0 MB)
19/04/02 20:48:27 INFO SparkContext: Created broadcast 0 from textFile at Graph.scala:11
19/04/02 20:48:27 INFO FileInputFormat: Total input paths to process : 1
19/04/02 20:48:27 INFO SparkContext: Starting job: collect at Graph.scala:30
19/04/02 20:48:27 INFO DAGScheduler: Registering RDD 4 (flatMap at Graph.scala:19)
19/04/02 20:48:27 INFO DAGScheduler: Registering RDD 3 (map at Graph.scala:16)
19/04/02 20:48:27 INFO DAGScheduler: Registering RDD 10 (flatMap at Graph.scala:19)
19/04/02 20:48:27 INFO DAGScheduler: Registering RDD 3 (map at Graph.scala:16)
19/04/02 20:48:27 INFO DAGScheduler: Registering RDD 16 (flatMap at Graph.scala:19)
19/04/02 20:48:27 INFO DAGScheduler: Registering RDD 3 (map at Graph.scala:16)
19/04/02 20:48:27 INFO DAGScheduler: Registering RDD 22 (flatMap at Graph.scala:19)
19/04/02 20:48:27 INFO DAGScheduler: Registering RDD 3 (map at Graph.scala:16)
19/04/02 20:48:27 INFO DAGScheduler: Registering RDD 28 (flatMap at Graph.scala:19)
19/04/02 20:48:27 INFO DAGScheduler: Registering RDD 3 (map at Graph.scala:16)
19/04/02 20:48:27 INFO DAGScheduler: Registering RDD 34 (map at Graph.scala:27)
19/04/02 20:48:27 INFO DAGScheduler: Registering RDD 35 (reduceByKey at Graph.scala:28)
19/04/02 20:48:27 INFO DAGScheduler: Got job 0 (collect at Graph.scala:30) with 1 output partitions
19/04/02 20:48:27 INFO DAGScheduler: Final stage: ResultStage 12(collect at Graph.scala:30)
19/04/02 20:48:27 INFO DAGScheduler: Parents of final stage: List(ShuffleMapStage 11)
19/04/02 20:48:27 INFO DAGScheduler: Missing parents: List(ShuffleMapStage 11)
19/04/02 20:48:27 INFO DAGScheduler: Submitting ShuffleMapStage 0 (MapPartitionsRDD[4] at flatMap at Graph.scala:19), which has no missing parents
19/04/02 20:48:27 INFO MemoryStore: ensureFreeSpace(4112) called with curMem=132713, maxMem=555755765
19/04/02 20:48:27 INFO MemoryStore: Block broadcast_1 stored as values in memory (estimated size 4.0 KB, free 529.9 MB)
19/04/02 20:48:27 INFO MemoryStore: ensureFreeSpace(2339) called with curMem=136825, maxMem=555755765
19/04/02 20:48:27 INFO MemoryStore: Block broadcast_1_piece0 stored as bytes in memory (estimated size 2.3 KB, free 529.9 MB)
19/04/02 20:48:27 INFO BlockManagerInfo: Added broadcast_1_piece0 in memory on localhost:33318 (size: 2.3 KB, free: 530.0 MB)
19/04/02 20:48:27 INFO SparkContext: Created broadcast 1 from broadcast at DAGScheduler.scala:861
19/04/02 20:48:27 INFO DAGScheduler: Submitting 2 missing tasks from ShuffleMapStage 0 (MapPartitionsRDD[4] at flatMap at Graph.scala:19)
19/04/02 20:48:27 INFO TaskSchedulerImpl: Adding task set 0.0 with 2 tasks
19/04/02 20:48:27 INFO DAGScheduler: Submitting ShuffleMapStage 1 (MapPartitionsRDD[3] at map at Graph.scala:16), which has no missing parents
19/04/02 20:48:27 INFO MemoryStore: ensureFreeSpace(3688) called with curMem=139164, maxMem=555755765
19/04/02 20:48:27 INFO MemoryStore: Block broadcast_2 stored as values in memory (estimated size 3.6 KB, free 529.9 MB)
19/04/02 20:48:27 INFO MemoryStore: ensureFreeSpace(2142) called with curMem=142852, maxMem=555755765
19/04/02 20:48:27 INFO MemoryStore: Block broadcast_2_piece0 stored as bytes in memory (estimated size 2.1 KB, free 529.9 MB)
19/04/02 20:48:27 INFO BlockManagerInfo: Added broadcast_2_piece0 in memory on localhost:33318 (size: 2.1 KB, free: 530.0 MB)
19/04/02 20:48:27 INFO SparkContext: Created broadcast 2 from broadcast at DAGScheduler.scala:861
19/04/02 20:48:27 INFO DAGScheduler: Submitting 2 missing tasks from ShuffleMapStage 1 (MapPartitionsRDD[3] at map at Graph.scala:16)
19/04/02 20:48:27 INFO TaskSchedulerImpl: Adding task set 1.0 with 2 tasks
19/04/02 20:48:27 INFO TaskSetManager: Starting task 0.0 in stage 0.0 (TID 0, localhost, PROCESS_LOCAL, 2194 bytes)
19/04/02 20:48:27 INFO TaskSetManager: Starting task 1.0 in stage 0.0 (TID 1, localhost, PROCESS_LOCAL, 2194 bytes)
19/04/02 20:48:27 INFO Executor: Running task 0.0 in stage 0.0 (TID 0)
19/04/02 20:48:27 INFO Executor: Fetching http://198.202.114.27:35188/jars/graph.jar with timestamp 1554263303153
19/04/02 20:48:27 INFO Executor: Running task 1.0 in stage 0.0 (TID 1)
19/04/02 20:48:27 INFO DAGScheduler: Submitting ShuffleMapStage 3 (MapPartitionsRDD[3] at map at Graph.scala:16), which has no missing parents
19/04/02 20:48:27 INFO MemoryStore: ensureFreeSpace(3688) called with curMem=144994, maxMem=555755765
19/04/02 20:48:27 INFO MemoryStore: Block broadcast_3 stored as values in memory (estimated size 3.6 KB, free 529.9 MB)
19/04/02 20:48:27 INFO MemoryStore: ensureFreeSpace(2143) called with curMem=148682, maxMem=555755765
19/04/02 20:48:27 INFO MemoryStore: Block broadcast_3_piece0 stored as bytes in memory (estimated size 2.1 KB, free 529.9 MB)
19/04/02 20:48:27 INFO BlockManagerInfo: Added broadcast_3_piece0 in memory on localhost:33318 (size: 2.1 KB, free: 530.0 MB)
19/04/02 20:48:27 INFO SparkContext: Created broadcast 3 from broadcast at DAGScheduler.scala:861
19/04/02 20:48:27 INFO DAGScheduler: Submitting 2 missing tasks from ShuffleMapStage 3 (MapPartitionsRDD[3] at map at Graph.scala:16)
19/04/02 20:48:27 INFO TaskSchedulerImpl: Adding task set 3.0 with 2 tasks
19/04/02 20:48:27 INFO DAGScheduler: Submitting ShuffleMapStage 5 (MapPartitionsRDD[3] at map at Graph.scala:16), which has no missing parents
19/04/02 20:48:27 INFO MemoryStore: ensureFreeSpace(3688) called with curMem=150825, maxMem=555755765
19/04/02 20:48:27 INFO MemoryStore: Block broadcast_4 stored as values in memory (estimated size 3.6 KB, free 529.9 MB)
19/04/02 20:48:27 INFO MemoryStore: ensureFreeSpace(2143) called with curMem=154513, maxMem=555755765
19/04/02 20:48:27 INFO MemoryStore: Block broadcast_4_piece0 stored as bytes in memory (estimated size 2.1 KB, free 529.9 MB)
19/04/02 20:48:27 INFO BlockManagerInfo: Added broadcast_4_piece0 in memory on localhost:33318 (size: 2.1 KB, free: 530.0 MB)
19/04/02 20:48:27 INFO SparkContext: Created broadcast 4 from broadcast at DAGScheduler.scala:861
19/04/02 20:48:27 INFO DAGScheduler: Submitting 2 missing tasks from ShuffleMapStage 5 (MapPartitionsRDD[3] at map at Graph.scala:16)
19/04/02 20:48:27 INFO TaskSchedulerImpl: Adding task set 5.0 with 2 tasks
19/04/02 20:48:27 INFO DAGScheduler: Submitting ShuffleMapStage 7 (MapPartitionsRDD[3] at map at Graph.scala:16), which has no missing parents
19/04/02 20:48:27 INFO MemoryStore: ensureFreeSpace(3688) called with curMem=156656, maxMem=555755765
19/04/02 20:48:27 INFO MemoryStore: Block broadcast_5 stored as values in memory (estimated size 3.6 KB, free 529.9 MB)
19/04/02 20:48:27 INFO MemoryStore: ensureFreeSpace(2144) called with curMem=160344, maxMem=555755765
19/04/02 20:48:27 INFO MemoryStore: Block broadcast_5_piece0 stored as bytes in memory (estimated size 2.1 KB, free 529.9 MB)
19/04/02 20:48:27 INFO BlockManagerInfo: Added broadcast_5_piece0 in memory on localhost:33318 (size: 2.1 KB, free: 530.0 MB)
19/04/02 20:48:27 INFO SparkContext: Created broadcast 5 from broadcast at DAGScheduler.scala:861
19/04/02 20:48:27 INFO DAGScheduler: Submitting 2 missing tasks from ShuffleMapStage 7 (MapPartitionsRDD[3] at map at Graph.scala:16)
19/04/02 20:48:27 INFO TaskSchedulerImpl: Adding task set 7.0 with 2 tasks
19/04/02 20:48:27 INFO DAGScheduler: Submitting ShuffleMapStage 9 (MapPartitionsRDD[3] at map at Graph.scala:16), which has no missing parents
19/04/02 20:48:27 INFO MemoryStore: ensureFreeSpace(3688) called with curMem=162488, maxMem=555755765
19/04/02 20:48:27 INFO MemoryStore: Block broadcast_6 stored as values in memory (estimated size 3.6 KB, free 529.9 MB)
19/04/02 20:48:27 INFO MemoryStore: ensureFreeSpace(2144) called with curMem=166176, maxMem=555755765
19/04/02 20:48:27 INFO MemoryStore: Block broadcast_6_piece0 stored as bytes in memory (estimated size 2.1 KB, free 529.8 MB)
19/04/02 20:48:27 INFO BlockManagerInfo: Added broadcast_6_piece0 in memory on localhost:33318 (size: 2.1 KB, free: 530.0 MB)
19/04/02 20:48:27 INFO SparkContext: Created broadcast 6 from broadcast at DAGScheduler.scala:861
19/04/02 20:48:27 INFO DAGScheduler: Submitting 2 missing tasks from ShuffleMapStage 9 (MapPartitionsRDD[3] at map at Graph.scala:16)
19/04/02 20:48:27 INFO TaskSchedulerImpl: Adding task set 9.0 with 2 tasks
19/04/02 20:48:27 INFO Utils: Fetching http://198.202.114.27:35188/jars/graph.jar to /tmp/spark-d37b1d70-c25e-44e1-9a39-a2ba5b3bc521/userFiles-e342833b-9c5f-43dc-98f3-2eec70156d16/fetchFileTemp4195282734564122958.tmp
19/04/02 20:48:27 INFO Executor: Adding file:/tmp/spark-d37b1d70-c25e-44e1-9a39-a2ba5b3bc521/userFiles-e342833b-9c5f-43dc-98f3-2eec70156d16/graph.jar to class loader
19/04/02 20:48:27 INFO HadoopRDD: Input split: file:/home/gshastri/project5/small-graph.txt:0+28
19/04/02 20:48:27 INFO HadoopRDD: Input split: file:/home/gshastri/project5/small-graph.txt:28+28
19/04/02 20:48:27 INFO deprecation: mapred.tip.id is deprecated. Instead, use mapreduce.task.id
19/04/02 20:48:27 INFO deprecation: mapred.task.id is deprecated. Instead, use mapreduce.task.attempt.id
19/04/02 20:48:27 INFO deprecation: mapred.task.is.map is deprecated. Instead, use mapreduce.task.ismap
19/04/02 20:48:27 INFO deprecation: mapred.task.partition is deprecated. Instead, use mapreduce.task.partition
19/04/02 20:48:27 INFO deprecation: mapred.job.id is deprecated. Instead, use mapreduce.job.id
19/04/02 20:48:27 INFO Executor: Finished task 1.0 in stage 0.0 (TID 1). 2254 bytes result sent to driver
19/04/02 20:48:27 INFO Executor: Finished task 0.0 in stage 0.0 (TID 0). 2254 bytes result sent to driver
19/04/02 20:48:27 INFO TaskSetManager: Starting task 0.0 in stage 1.0 (TID 2, localhost, PROCESS_LOCAL, 2194 bytes)
19/04/02 20:48:27 INFO Executor: Running task 0.0 in stage 1.0 (TID 2)
19/04/02 20:48:27 INFO TaskSetManager: Starting task 1.0 in stage 1.0 (TID 3, localhost, PROCESS_LOCAL, 2194 bytes)
19/04/02 20:48:27 INFO Executor: Running task 1.0 in stage 1.0 (TID 3)
19/04/02 20:48:27 INFO HadoopRDD: Input split: file:/home/gshastri/project5/small-graph.txt:28+28
19/04/02 20:48:27 INFO Executor: Finished task 1.0 in stage 1.0 (TID 3). 2254 bytes result sent to driver
19/04/02 20:48:27 INFO TaskSetManager: Starting task 0.0 in stage 3.0 (TID 4, localhost, PROCESS_LOCAL, 2194 bytes)
19/04/02 20:48:27 INFO Executor: Running task 0.0 in stage 3.0 (TID 4)
19/04/02 20:48:27 INFO HadoopRDD: Input split: file:/home/gshastri/project5/small-graph.txt:0+28
19/04/02 20:48:27 INFO TaskSetManager: Finished task 0.0 in stage 0.0 (TID 0) in 291 ms on localhost (1/2)
19/04/02 20:48:27 INFO Executor: Finished task 0.0 in stage 3.0 (TID 4). 2254 bytes result sent to driver
19/04/02 20:48:27 INFO TaskSetManager: Starting task 1.0 in stage 3.0 (TID 5, localhost, PROCESS_LOCAL, 2194 bytes)
19/04/02 20:48:27 INFO Executor: Running task 1.0 in stage 3.0 (TID 5)
19/04/02 20:48:27 INFO HadoopRDD: Input split: file:/home/gshastri/project5/small-graph.txt:28+28
19/04/02 20:48:27 INFO TaskSetManager: Finished task 1.0 in stage 0.0 (TID 1) in 301 ms on localhost (2/2)
19/04/02 20:48:27 INFO DAGScheduler: ShuffleMapStage 0 (flatMap at Graph.scala:19) finished in 0.326 s
19/04/02 20:48:27 INFO DAGScheduler: looking for newly runnable stages
19/04/02 20:48:27 INFO DAGScheduler: running: Set(ShuffleMapStage 9, ShuffleMapStage 1, ShuffleMapStage 5, ShuffleMapStage 3, ShuffleMapStage 7)
19/04/02 20:48:27 INFO DAGScheduler: waiting: Set(ResultStage 12, ShuffleMapStage 2, ShuffleMapStage 6, ShuffleMapStage 10, ShuffleMapStage 4, ShuffleMapStage 11, ShuffleMapStage 8)
19/04/02 20:48:27 INFO DAGScheduler: failed: Set()
19/04/02 20:48:27 INFO HadoopRDD: Input split: file:/home/gshastri/project5/small-graph.txt:0+28
19/04/02 20:48:27 INFO DAGScheduler: Missing parents for ResultStage 12: List(ShuffleMapStage 11)
19/04/02 20:48:27 INFO DAGScheduler: Missing parents for ShuffleMapStage 2: List(ShuffleMapStage 1)
19/04/02 20:48:27 INFO DAGScheduler: Missing parents for ShuffleMapStage 6: List(ShuffleMapStage 5, ShuffleMapStage 4)
19/04/02 20:48:27 INFO DAGScheduler: Missing parents for ShuffleMapStage 10: List(ShuffleMapStage 9, ShuffleMapStage 8)
19/04/02 20:48:27 INFO DAGScheduler: Missing parents for ShuffleMapStage 4: List(ShuffleMapStage 2, ShuffleMapStage 3)
19/04/02 20:48:27 INFO TaskSchedulerImpl: Removed TaskSet 0.0, whose tasks have all completed, from pool 
19/04/02 20:48:27 INFO TaskSetManager: Finished task 0.0 in stage 3.0 (TID 4) in 38 ms on localhost (1/2)
19/04/02 20:48:28 INFO TaskSetManager: Finished task 1.0 in stage 1.0 (TID 3) in 55 ms on localhost (1/2)
19/04/02 20:48:28 INFO Executor: Finished task 1.0 in stage 3.0 (TID 5). 2254 bytes result sent to driver
19/04/02 20:48:28 INFO TaskSetManager: Starting task 0.0 in stage 5.0 (TID 6, localhost, PROCESS_LOCAL, 2194 bytes)
19/04/02 20:48:28 INFO DAGScheduler: Missing parents for ShuffleMapStage 11: List(ShuffleMapStage 10)
19/04/02 20:48:28 INFO DAGScheduler: Missing parents for ShuffleMapStage 8: List(ShuffleMapStage 6, ShuffleMapStage 7)
19/04/02 20:48:28 INFO TaskSetManager: Finished task 1.0 in stage 3.0 (TID 5) in 25 ms on localhost (2/2)
19/04/02 20:48:28 INFO TaskSchedulerImpl: Removed TaskSet 3.0, whose tasks have all completed, from pool 
19/04/02 20:48:28 INFO DAGScheduler: ShuffleMapStage 3 (map at Graph.scala:16) finished in 0.283 s
19/04/02 20:48:28 INFO DAGScheduler: looking for newly runnable stages
19/04/02 20:48:28 INFO DAGScheduler: running: Set(ShuffleMapStage 9, ShuffleMapStage 1, ShuffleMapStage 5, ShuffleMapStage 7)
19/04/02 20:48:28 INFO DAGScheduler: waiting: Set(ResultStage 12, ShuffleMapStage 2, ShuffleMapStage 6, ShuffleMapStage 10, ShuffleMapStage 4, ShuffleMapStage 11, ShuffleMapStage 8)
19/04/02 20:48:28 INFO DAGScheduler: failed: Set()
19/04/02 20:48:28 INFO DAGScheduler: Missing parents for ResultStage 12: List(ShuffleMapStage 11)
19/04/02 20:48:28 INFO DAGScheduler: Missing parents for ShuffleMapStage 2: List(ShuffleMapStage 1)
19/04/02 20:48:28 INFO DAGScheduler: Missing parents for ShuffleMapStage 6: List(ShuffleMapStage 5, ShuffleMapStage 4)
19/04/02 20:48:28 INFO DAGScheduler: Missing parents for ShuffleMapStage 10: List(ShuffleMapStage 9, ShuffleMapStage 8)
19/04/02 20:48:28 INFO DAGScheduler: Missing parents for ShuffleMapStage 4: List(ShuffleMapStage 2)
19/04/02 20:48:28 INFO DAGScheduler: Missing parents for ShuffleMapStage 11: List(ShuffleMapStage 10)
19/04/02 20:48:28 INFO DAGScheduler: Missing parents for ShuffleMapStage 8: List(ShuffleMapStage 6, ShuffleMapStage 7)
19/04/02 20:48:28 INFO Executor: Finished task 0.0 in stage 1.0 (TID 2). 2254 bytes result sent to driver
19/04/02 20:48:28 INFO TaskSetManager: Starting task 1.0 in stage 5.0 (TID 7, localhost, PROCESS_LOCAL, 2194 bytes)
19/04/02 20:48:28 INFO Executor: Running task 1.0 in stage 5.0 (TID 7)
19/04/02 20:48:28 INFO HadoopRDD: Input split: file:/home/gshastri/project5/small-graph.txt:28+28
19/04/02 20:48:28 INFO Executor: Finished task 1.0 in stage 5.0 (TID 7). 2254 bytes result sent to driver
19/04/02 20:48:28 INFO TaskSetManager: Starting task 0.0 in stage 7.0 (TID 8, localhost, PROCESS_LOCAL, 2194 bytes)
19/04/02 20:48:28 INFO Executor: Running task 0.0 in stage 7.0 (TID 8)
19/04/02 20:48:28 INFO Executor: Running task 0.0 in stage 5.0 (TID 6)
19/04/02 20:48:28 INFO TaskSetManager: Finished task 1.0 in stage 5.0 (TID 7) in 9 ms on localhost (1/2)
19/04/02 20:48:28 INFO HadoopRDD: Input split: file:/home/gshastri/project5/small-graph.txt:0+28
19/04/02 20:48:28 INFO HadoopRDD: Input split: file:/home/gshastri/project5/small-graph.txt:0+28
19/04/02 20:48:28 INFO TaskSetManager: Finished task 0.0 in stage 1.0 (TID 2) in 95 ms on localhost (2/2)
19/04/02 20:48:28 INFO TaskSchedulerImpl: Removed TaskSet 1.0, whose tasks have all completed, from pool 
19/04/02 20:48:28 INFO DAGScheduler: ShuffleMapStage 1 (map at Graph.scala:16) finished in 0.328 s
19/04/02 20:48:28 INFO DAGScheduler: looking for newly runnable stages
19/04/02 20:48:28 INFO DAGScheduler: running: Set(ShuffleMapStage 9, ShuffleMapStage 5, ShuffleMapStage 7)
19/04/02 20:48:28 INFO DAGScheduler: waiting: Set(ResultStage 12, ShuffleMapStage 2, ShuffleMapStage 6, ShuffleMapStage 10, ShuffleMapStage 4, ShuffleMapStage 11, ShuffleMapStage 8)
19/04/02 20:48:28 INFO DAGScheduler: failed: Set()
19/04/02 20:48:28 INFO DAGScheduler: Missing parents for ResultStage 12: List(ShuffleMapStage 11)
19/04/02 20:48:28 INFO DAGScheduler: Missing parents for ShuffleMapStage 2: List()
19/04/02 20:48:28 INFO DAGScheduler: Missing parents for ShuffleMapStage 6: List(ShuffleMapStage 5, ShuffleMapStage 4)
19/04/02 20:48:28 INFO DAGScheduler: Missing parents for ShuffleMapStage 10: List(ShuffleMapStage 9, ShuffleMapStage 8)
19/04/02 20:48:28 INFO DAGScheduler: Missing parents for ShuffleMapStage 4: List(ShuffleMapStage 2)
19/04/02 20:48:28 INFO DAGScheduler: Missing parents for ShuffleMapStage 11: List(ShuffleMapStage 10)
19/04/02 20:48:28 INFO DAGScheduler: Missing parents for ShuffleMapStage 8: List(ShuffleMapStage 6, ShuffleMapStage 7)
19/04/02 20:48:28 INFO DAGScheduler: Submitting ShuffleMapStage 2 (MapPartitionsRDD[10] at flatMap at Graph.scala:19), which is now runnable
19/04/02 20:48:28 INFO MemoryStore: ensureFreeSpace(3616) called with curMem=168320, maxMem=555755765
19/04/02 20:48:28 INFO MemoryStore: Block broadcast_7 stored as values in memory (estimated size 3.5 KB, free 529.8 MB)
19/04/02 20:48:28 INFO MemoryStore: ensureFreeSpace(1843) called with curMem=171936, maxMem=555755765
19/04/02 20:48:28 INFO MemoryStore: Block broadcast_7_piece0 stored as bytes in memory (estimated size 1843.0 B, free 529.8 MB)
19/04/02 20:48:28 INFO Executor: Finished task 0.0 in stage 7.0 (TID 8). 2254 bytes result sent to driver
19/04/02 20:48:28 INFO TaskSetManager: Starting task 1.0 in stage 7.0 (TID 9, localhost, PROCESS_LOCAL, 2194 bytes)
19/04/02 20:48:28 INFO BlockManagerInfo: Added broadcast_7_piece0 in memory on localhost:33318 (size: 1843.0 B, free: 530.0 MB)
19/04/02 20:48:28 INFO TaskSetManager: Finished task 0.0 in stage 7.0 (TID 8) in 23 ms on localhost (1/2)
19/04/02 20:48:28 INFO Executor: Running task 1.0 in stage 7.0 (TID 9)
19/04/02 20:48:28 INFO Executor: Finished task 0.0 in stage 5.0 (TID 6). 2254 bytes result sent to driver
19/04/02 20:48:28 INFO HadoopRDD: Input split: file:/home/gshastri/project5/small-graph.txt:28+28
19/04/02 20:48:28 INFO TaskSetManager: Starting task 0.0 in stage 9.0 (TID 10, localhost, PROCESS_LOCAL, 2194 bytes)
19/04/02 20:48:28 INFO TaskSetManager: Finished task 0.0 in stage 5.0 (TID 6) in 51 ms on localhost (2/2)
19/04/02 20:48:28 INFO TaskSchedulerImpl: Removed TaskSet 5.0, whose tasks have all completed, from pool 
19/04/02 20:48:28 INFO Executor: Running task 0.0 in stage 9.0 (TID 10)
19/04/02 20:48:28 INFO HadoopRDD: Input split: file:/home/gshastri/project5/small-graph.txt:0+28
19/04/02 20:48:28 INFO Executor: Finished task 0.0 in stage 9.0 (TID 10). 2254 bytes result sent to driver
19/04/02 20:48:28 INFO TaskSetManager: Starting task 1.0 in stage 9.0 (TID 11, localhost, PROCESS_LOCAL, 2194 bytes)
19/04/02 20:48:28 INFO TaskSetManager: Finished task 0.0 in stage 9.0 (TID 10) in 8 ms on localhost (1/2)
19/04/02 20:48:28 INFO SparkContext: Created broadcast 7 from broadcast at DAGScheduler.scala:861
19/04/02 20:48:28 INFO DAGScheduler: Submitting 2 missing tasks from ShuffleMapStage 2 (MapPartitionsRDD[10] at flatMap at Graph.scala:19)
19/04/02 20:48:28 INFO TaskSchedulerImpl: Adding task set 2.0 with 2 tasks
19/04/02 20:48:28 INFO Executor: Running task 1.0 in stage 9.0 (TID 11)
19/04/02 20:48:28 INFO DAGScheduler: ShuffleMapStage 5 (map at Graph.scala:16) finished in 0.332 s
19/04/02 20:48:28 INFO DAGScheduler: looking for newly runnable stages
19/04/02 20:48:28 INFO DAGScheduler: running: Set(ShuffleMapStage 9, ShuffleMapStage 2, ShuffleMapStage 7)
19/04/02 20:48:28 INFO DAGScheduler: waiting: Set(ResultStage 12, ShuffleMapStage 6, ShuffleMapStage 10, ShuffleMapStage 4, ShuffleMapStage 11, ShuffleMapStage 8)
19/04/02 20:48:28 INFO DAGScheduler: failed: Set()
19/04/02 20:48:28 INFO DAGScheduler: Missing parents for ResultStage 12: List(ShuffleMapStage 11)
19/04/02 20:48:28 INFO DAGScheduler: Missing parents for ShuffleMapStage 6: List(ShuffleMapStage 4)
19/04/02 20:48:28 INFO DAGScheduler: Missing parents for ShuffleMapStage 10: List(ShuffleMapStage 9, ShuffleMapStage 8)
19/04/02 20:48:28 INFO DAGScheduler: Missing parents for ShuffleMapStage 4: List(ShuffleMapStage 2)
19/04/02 20:48:28 INFO DAGScheduler: Missing parents for ShuffleMapStage 11: List(ShuffleMapStage 10)
19/04/02 20:48:28 INFO DAGScheduler: Missing parents for ShuffleMapStage 8: List(ShuffleMapStage 6, ShuffleMapStage 7)
19/04/02 20:48:28 INFO HadoopRDD: Input split: file:/home/gshastri/project5/small-graph.txt:28+28
19/04/02 20:48:28 INFO Executor: Finished task 1.0 in stage 7.0 (TID 9). 2254 bytes result sent to driver
19/04/02 20:48:28 INFO TaskSetManager: Starting task 0.0 in stage 2.0 (TID 12, localhost, PROCESS_LOCAL, 2169 bytes)
19/04/02 20:48:28 INFO TaskSetManager: Finished task 1.0 in stage 7.0 (TID 9) in 43 ms on localhost (2/2)
19/04/02 20:48:28 INFO TaskSchedulerImpl: Removed TaskSet 7.0, whose tasks have all completed, from pool 
19/04/02 20:48:28 INFO Executor: Running task 0.0 in stage 2.0 (TID 12)
19/04/02 20:48:28 INFO DAGScheduler: ShuffleMapStage 7 (map at Graph.scala:16) finished in 0.329 s
19/04/02 20:48:28 INFO DAGScheduler: looking for newly runnable stages
19/04/02 20:48:28 INFO DAGScheduler: running: Set(ShuffleMapStage 9, ShuffleMapStage 2)
19/04/02 20:48:28 INFO DAGScheduler: waiting: Set(ResultStage 12, ShuffleMapStage 6, ShuffleMapStage 10, ShuffleMapStage 4, ShuffleMapStage 11, ShuffleMapStage 8)
19/04/02 20:48:28 INFO DAGScheduler: failed: Set()
19/04/02 20:48:28 INFO DAGScheduler: Missing parents for ResultStage 12: List(ShuffleMapStage 11)
19/04/02 20:48:28 INFO DAGScheduler: Missing parents for ShuffleMapStage 6: List(ShuffleMapStage 4)
19/04/02 20:48:28 INFO DAGScheduler: Missing parents for ShuffleMapStage 10: List(ShuffleMapStage 9, ShuffleMapStage 8)
19/04/02 20:48:28 INFO DAGScheduler: Missing parents for ShuffleMapStage 4: List(ShuffleMapStage 2)
19/04/02 20:48:28 INFO DAGScheduler: Missing parents for ShuffleMapStage 11: List(ShuffleMapStage 10)
19/04/02 20:48:28 INFO DAGScheduler: Missing parents for ShuffleMapStage 8: List(ShuffleMapStage 6)
19/04/02 20:48:28 INFO Executor: Finished task 1.0 in stage 9.0 (TID 11). 2254 bytes result sent to driver
19/04/02 20:48:28 INFO TaskSetManager: Starting task 1.0 in stage 2.0 (TID 13, localhost, PROCESS_LOCAL, 2169 bytes)
19/04/02 20:48:28 INFO DAGScheduler: ShuffleMapStage 9 (map at Graph.scala:16) finished in 0.314 s
19/04/02 20:48:28 INFO DAGScheduler: looking for newly runnable stages
19/04/02 20:48:28 INFO DAGScheduler: running: Set(ShuffleMapStage 2)
19/04/02 20:48:28 INFO DAGScheduler: waiting: Set(ResultStage 12, ShuffleMapStage 6, ShuffleMapStage 10, ShuffleMapStage 4, ShuffleMapStage 11, ShuffleMapStage 8)
19/04/02 20:48:28 INFO DAGScheduler: failed: Set()
19/04/02 20:48:28 INFO DAGScheduler: Missing parents for ResultStage 12: List(ShuffleMapStage 11)
19/04/02 20:48:28 INFO DAGScheduler: Missing parents for ShuffleMapStage 6: List(ShuffleMapStage 4)
19/04/02 20:48:28 INFO DAGScheduler: Missing parents for ShuffleMapStage 10: List(ShuffleMapStage 8)
19/04/02 20:48:28 INFO DAGScheduler: Missing parents for ShuffleMapStage 4: List(ShuffleMapStage 2)
19/04/02 20:48:28 INFO DAGScheduler: Missing parents for ShuffleMapStage 11: List(ShuffleMapStage 10)
19/04/02 20:48:28 INFO DAGScheduler: Missing parents for ShuffleMapStage 8: List(ShuffleMapStage 6)
19/04/02 20:48:28 INFO ShuffleBlockFetcherIterator: Getting 2 non-empty blocks out of 2 blocks
19/04/02 20:48:28 INFO ShuffleBlockFetcherIterator: Started 0 remote fetches in 4 ms
19/04/02 20:48:28 INFO TaskSetManager: Finished task 1.0 in stage 9.0 (TID 11) in 37 ms on localhost (2/2)
19/04/02 20:48:28 INFO TaskSchedulerImpl: Removed TaskSet 9.0, whose tasks have all completed, from pool 
19/04/02 20:48:28 INFO Executor: Running task 1.0 in stage 2.0 (TID 13)
19/04/02 20:48:28 INFO ShuffleBlockFetcherIterator: Getting 2 non-empty blocks out of 2 blocks
19/04/02 20:48:28 INFO ShuffleBlockFetcherIterator: Started 0 remote fetches in 1 ms
19/04/02 20:48:28 INFO ShuffleBlockFetcherIterator: Getting 2 non-empty blocks out of 2 blocks
19/04/02 20:48:28 INFO ShuffleBlockFetcherIterator: Started 0 remote fetches in 0 ms
19/04/02 20:48:28 INFO Executor: Finished task 0.0 in stage 2.0 (TID 12). 1375 bytes result sent to driver
19/04/02 20:48:28 INFO TaskSetManager: Finished task 0.0 in stage 2.0 (TID 12) in 42 ms on localhost (1/2)
19/04/02 20:48:28 INFO ShuffleBlockFetcherIterator: Getting 2 non-empty blocks out of 2 blocks
19/04/02 20:48:28 INFO ShuffleBlockFetcherIterator: Started 0 remote fetches in 0 ms
19/04/02 20:48:28 INFO Executor: Finished task 1.0 in stage 2.0 (TID 13). 1375 bytes result sent to driver
19/04/02 20:48:28 INFO TaskSetManager: Finished task 1.0 in stage 2.0 (TID 13) in 45 ms on localhost (2/2)
19/04/02 20:48:28 INFO TaskSchedulerImpl: Removed TaskSet 2.0, whose tasks have all completed, from pool 
19/04/02 20:48:28 INFO DAGScheduler: ShuffleMapStage 2 (flatMap at Graph.scala:19) finished in 0.079 s
19/04/02 20:48:28 INFO DAGScheduler: looking for newly runnable stages
19/04/02 20:48:28 INFO DAGScheduler: running: Set()
19/04/02 20:48:28 INFO DAGScheduler: waiting: Set(ResultStage 12, ShuffleMapStage 6, ShuffleMapStage 10, ShuffleMapStage 4, ShuffleMapStage 11, ShuffleMapStage 8)
19/04/02 20:48:28 INFO DAGScheduler: failed: Set()
19/04/02 20:48:28 INFO DAGScheduler: Missing parents for ResultStage 12: List(ShuffleMapStage 11)
19/04/02 20:48:28 INFO DAGScheduler: Missing parents for ShuffleMapStage 6: List(ShuffleMapStage 4)
19/04/02 20:48:28 INFO DAGScheduler: Missing parents for ShuffleMapStage 10: List(ShuffleMapStage 8)
19/04/02 20:48:28 INFO DAGScheduler: Missing parents for ShuffleMapStage 4: List()
19/04/02 20:48:28 INFO DAGScheduler: Missing parents for ShuffleMapStage 11: List(ShuffleMapStage 10)
19/04/02 20:48:28 INFO DAGScheduler: Missing parents for ShuffleMapStage 8: List(ShuffleMapStage 6)
19/04/02 20:48:28 INFO DAGScheduler: Submitting ShuffleMapStage 4 (MapPartitionsRDD[16] at flatMap at Graph.scala:19), which is now runnable
19/04/02 20:48:28 INFO MemoryStore: ensureFreeSpace(3616) called with curMem=173779, maxMem=555755765
19/04/02 20:48:28 INFO MemoryStore: Block broadcast_8 stored as values in memory (estimated size 3.5 KB, free 529.8 MB)
19/04/02 20:48:28 INFO MemoryStore: ensureFreeSpace(1858) called with curMem=177395, maxMem=555755765
19/04/02 20:48:28 INFO MemoryStore: Block broadcast_8_piece0 stored as bytes in memory (estimated size 1858.0 B, free 529.8 MB)
19/04/02 20:48:28 INFO BlockManagerInfo: Added broadcast_8_piece0 in memory on localhost:33318 (size: 1858.0 B, free: 530.0 MB)
19/04/02 20:48:28 INFO SparkContext: Created broadcast 8 from broadcast at DAGScheduler.scala:861
19/04/02 20:48:28 INFO DAGScheduler: Submitting 2 missing tasks from ShuffleMapStage 4 (MapPartitionsRDD[16] at flatMap at Graph.scala:19)
19/04/02 20:48:28 INFO TaskSchedulerImpl: Adding task set 4.0 with 2 tasks
19/04/02 20:48:28 INFO TaskSetManager: Starting task 0.0 in stage 4.0 (TID 14, localhost, PROCESS_LOCAL, 2169 bytes)
19/04/02 20:48:28 INFO TaskSetManager: Starting task 1.0 in stage 4.0 (TID 15, localhost, PROCESS_LOCAL, 2169 bytes)
19/04/02 20:48:28 INFO Executor: Running task 0.0 in stage 4.0 (TID 14)
19/04/02 20:48:28 INFO ShuffleBlockFetcherIterator: Getting 2 non-empty blocks out of 2 blocks
19/04/02 20:48:28 INFO ShuffleBlockFetcherIterator: Started 0 remote fetches in 0 ms
19/04/02 20:48:28 INFO ShuffleBlockFetcherIterator: Getting 2 non-empty blocks out of 2 blocks
19/04/02 20:48:28 INFO ShuffleBlockFetcherIterator: Started 0 remote fetches in 0 ms
19/04/02 20:48:28 INFO Executor: Running task 1.0 in stage 4.0 (TID 15)
19/04/02 20:48:28 INFO Executor: Finished task 0.0 in stage 4.0 (TID 14). 1375 bytes result sent to driver
19/04/02 20:48:28 INFO TaskSetManager: Finished task 0.0 in stage 4.0 (TID 14) in 7 ms on localhost (1/2)
19/04/02 20:48:28 INFO ShuffleBlockFetcherIterator: Getting 2 non-empty blocks out of 2 blocks
19/04/02 20:48:28 INFO ShuffleBlockFetcherIterator: Started 0 remote fetches in 0 ms
19/04/02 20:48:28 INFO ShuffleBlockFetcherIterator: Getting 2 non-empty blocks out of 2 blocks
19/04/02 20:48:28 INFO ShuffleBlockFetcherIterator: Started 0 remote fetches in 0 ms
19/04/02 20:48:28 INFO Executor: Finished task 1.0 in stage 4.0 (TID 15). 1375 bytes result sent to driver
19/04/02 20:48:28 INFO TaskSetManager: Finished task 1.0 in stage 4.0 (TID 15) in 20 ms on localhost (2/2)
19/04/02 20:48:28 INFO TaskSchedulerImpl: Removed TaskSet 4.0, whose tasks have all completed, from pool 
19/04/02 20:48:28 INFO DAGScheduler: ShuffleMapStage 4 (flatMap at Graph.scala:19) finished in 0.021 s
19/04/02 20:48:28 INFO DAGScheduler: looking for newly runnable stages
19/04/02 20:48:28 INFO DAGScheduler: running: Set()
19/04/02 20:48:28 INFO DAGScheduler: waiting: Set(ResultStage 12, ShuffleMapStage 6, ShuffleMapStage 10, ShuffleMapStage 11, ShuffleMapStage 8)
19/04/02 20:48:28 INFO DAGScheduler: failed: Set()
19/04/02 20:48:28 INFO DAGScheduler: Missing parents for ResultStage 12: List(ShuffleMapStage 11)
19/04/02 20:48:28 INFO DAGScheduler: Missing parents for ShuffleMapStage 6: List()
19/04/02 20:48:28 INFO DAGScheduler: Missing parents for ShuffleMapStage 10: List(ShuffleMapStage 8)
19/04/02 20:48:28 INFO DAGScheduler: Missing parents for ShuffleMapStage 11: List(ShuffleMapStage 10)
19/04/02 20:48:28 INFO DAGScheduler: Missing parents for ShuffleMapStage 8: List(ShuffleMapStage 6)
19/04/02 20:48:28 INFO DAGScheduler: Submitting ShuffleMapStage 6 (MapPartitionsRDD[22] at flatMap at Graph.scala:19), which is now runnable
19/04/02 20:48:28 INFO MemoryStore: ensureFreeSpace(3616) called with curMem=179253, maxMem=555755765
19/04/02 20:48:28 INFO MemoryStore: Block broadcast_9 stored as values in memory (estimated size 3.5 KB, free 529.8 MB)
19/04/02 20:48:28 INFO MemoryStore: ensureFreeSpace(1856) called with curMem=182869, maxMem=555755765
19/04/02 20:48:28 INFO MemoryStore: Block broadcast_9_piece0 stored as bytes in memory (estimated size 1856.0 B, free 529.8 MB)
19/04/02 20:48:28 INFO BlockManagerInfo: Added broadcast_9_piece0 in memory on localhost:33318 (size: 1856.0 B, free: 530.0 MB)
19/04/02 20:48:28 INFO SparkContext: Created broadcast 9 from broadcast at DAGScheduler.scala:861
19/04/02 20:48:28 INFO DAGScheduler: Submitting 2 missing tasks from ShuffleMapStage 6 (MapPartitionsRDD[22] at flatMap at Graph.scala:19)
19/04/02 20:48:28 INFO TaskSchedulerImpl: Adding task set 6.0 with 2 tasks
19/04/02 20:48:28 INFO TaskSetManager: Starting task 0.0 in stage 6.0 (TID 16, localhost, PROCESS_LOCAL, 2169 bytes)
19/04/02 20:48:28 INFO TaskSetManager: Starting task 1.0 in stage 6.0 (TID 17, localhost, PROCESS_LOCAL, 2169 bytes)
19/04/02 20:48:28 INFO Executor: Running task 1.0 in stage 6.0 (TID 17)
19/04/02 20:48:28 INFO ShuffleBlockFetcherIterator: Getting 2 non-empty blocks out of 2 blocks
19/04/02 20:48:28 INFO ShuffleBlockFetcherIterator: Started 0 remote fetches in 0 ms
19/04/02 20:48:28 INFO ShuffleBlockFetcherIterator: Getting 2 non-empty blocks out of 2 blocks
19/04/02 20:48:28 INFO ShuffleBlockFetcherIterator: Started 0 remote fetches in 0 ms
19/04/02 20:48:28 INFO Executor: Running task 0.0 in stage 6.0 (TID 16)
19/04/02 20:48:28 INFO Executor: Finished task 1.0 in stage 6.0 (TID 17). 1375 bytes result sent to driver
19/04/02 20:48:28 INFO TaskSetManager: Finished task 1.0 in stage 6.0 (TID 17) in 11 ms on localhost (1/2)
19/04/02 20:48:28 INFO ShuffleBlockFetcherIterator: Getting 2 non-empty blocks out of 2 blocks
19/04/02 20:48:28 INFO ShuffleBlockFetcherIterator: Started 0 remote fetches in 0 ms
19/04/02 20:48:28 INFO ShuffleBlockFetcherIterator: Getting 2 non-empty blocks out of 2 blocks
19/04/02 20:48:28 INFO ShuffleBlockFetcherIterator: Started 0 remote fetches in 0 ms
19/04/02 20:48:28 INFO Executor: Finished task 0.0 in stage 6.0 (TID 16). 1375 bytes result sent to driver
19/04/02 20:48:28 INFO TaskSetManager: Finished task 0.0 in stage 6.0 (TID 16) in 37 ms on localhost (2/2)
19/04/02 20:48:28 INFO TaskSchedulerImpl: Removed TaskSet 6.0, whose tasks have all completed, from pool 
19/04/02 20:48:28 INFO DAGScheduler: ShuffleMapStage 6 (flatMap at Graph.scala:19) finished in 0.037 s
19/04/02 20:48:28 INFO DAGScheduler: looking for newly runnable stages
19/04/02 20:48:28 INFO DAGScheduler: running: Set()
19/04/02 20:48:28 INFO DAGScheduler: waiting: Set(ResultStage 12, ShuffleMapStage 10, ShuffleMapStage 11, ShuffleMapStage 8)
19/04/02 20:48:28 INFO DAGScheduler: failed: Set()
19/04/02 20:48:28 INFO DAGScheduler: Missing parents for ResultStage 12: List(ShuffleMapStage 11)
19/04/02 20:48:28 INFO DAGScheduler: Missing parents for ShuffleMapStage 10: List(ShuffleMapStage 8)
19/04/02 20:48:28 INFO DAGScheduler: Missing parents for ShuffleMapStage 11: List(ShuffleMapStage 10)
19/04/02 20:48:28 INFO DAGScheduler: Missing parents for ShuffleMapStage 8: List()
19/04/02 20:48:28 INFO DAGScheduler: Submitting ShuffleMapStage 8 (MapPartitionsRDD[28] at flatMap at Graph.scala:19), which is now runnable
19/04/02 20:48:28 INFO MemoryStore: ensureFreeSpace(3616) called with curMem=184725, maxMem=555755765
19/04/02 20:48:28 INFO MemoryStore: Block broadcast_10 stored as values in memory (estimated size 3.5 KB, free 529.8 MB)
19/04/02 20:48:28 INFO MemoryStore: ensureFreeSpace(1857) called with curMem=188341, maxMem=555755765
19/04/02 20:48:28 INFO MemoryStore: Block broadcast_10_piece0 stored as bytes in memory (estimated size 1857.0 B, free 529.8 MB)
19/04/02 20:48:28 INFO BlockManagerInfo: Added broadcast_10_piece0 in memory on localhost:33318 (size: 1857.0 B, free: 530.0 MB)
19/04/02 20:48:28 INFO SparkContext: Created broadcast 10 from broadcast at DAGScheduler.scala:861
19/04/02 20:48:28 INFO DAGScheduler: Submitting 2 missing tasks from ShuffleMapStage 8 (MapPartitionsRDD[28] at flatMap at Graph.scala:19)
19/04/02 20:48:28 INFO TaskSchedulerImpl: Adding task set 8.0 with 2 tasks
19/04/02 20:48:28 INFO TaskSetManager: Starting task 0.0 in stage 8.0 (TID 18, localhost, PROCESS_LOCAL, 2169 bytes)
19/04/02 20:48:28 INFO TaskSetManager: Starting task 1.0 in stage 8.0 (TID 19, localhost, PROCESS_LOCAL, 2169 bytes)
19/04/02 20:48:28 INFO Executor: Running task 1.0 in stage 8.0 (TID 19)
19/04/02 20:48:28 INFO ShuffleBlockFetcherIterator: Getting 2 non-empty blocks out of 2 blocks
19/04/02 20:48:28 INFO ShuffleBlockFetcherIterator: Started 0 remote fetches in 0 ms
19/04/02 20:48:28 INFO Executor: Running task 0.0 in stage 8.0 (TID 18)
19/04/02 20:48:28 INFO ShuffleBlockFetcherIterator: Getting 2 non-empty blocks out of 2 blocks
19/04/02 20:48:28 INFO ShuffleBlockFetcherIterator: Started 0 remote fetches in 0 ms
19/04/02 20:48:28 INFO ShuffleBlockFetcherIterator: Getting 2 non-empty blocks out of 2 blocks
19/04/02 20:48:28 INFO ShuffleBlockFetcherIterator: Started 0 remote fetches in 0 ms
19/04/02 20:48:28 INFO ShuffleBlockFetcherIterator: Getting 2 non-empty blocks out of 2 blocks
19/04/02 20:48:28 INFO ShuffleBlockFetcherIterator: Started 0 remote fetches in 0 ms
19/04/02 20:48:28 INFO Executor: Finished task 0.0 in stage 8.0 (TID 18). 1375 bytes result sent to driver
19/04/02 20:48:28 INFO TaskSetManager: Finished task 0.0 in stage 8.0 (TID 18) in 9 ms on localhost (1/2)
19/04/02 20:48:28 INFO Executor: Finished task 1.0 in stage 8.0 (TID 19). 1375 bytes result sent to driver
19/04/02 20:48:28 INFO TaskSetManager: Finished task 1.0 in stage 8.0 (TID 19) in 13 ms on localhost (2/2)
19/04/02 20:48:28 INFO TaskSchedulerImpl: Removed TaskSet 8.0, whose tasks have all completed, from pool 
19/04/02 20:48:28 INFO DAGScheduler: ShuffleMapStage 8 (flatMap at Graph.scala:19) finished in 0.027 s
19/04/02 20:48:28 INFO DAGScheduler: looking for newly runnable stages
19/04/02 20:48:28 INFO DAGScheduler: running: Set()
19/04/02 20:48:28 INFO DAGScheduler: waiting: Set(ResultStage 12, ShuffleMapStage 10, ShuffleMapStage 11)
19/04/02 20:48:28 INFO DAGScheduler: failed: Set()
19/04/02 20:48:28 INFO DAGScheduler: Missing parents for ResultStage 12: List(ShuffleMapStage 11)
19/04/02 20:48:28 INFO DAGScheduler: Missing parents for ShuffleMapStage 10: List()
19/04/02 20:48:28 INFO DAGScheduler: Missing parents for ShuffleMapStage 11: List(ShuffleMapStage 10)
19/04/02 20:48:28 INFO DAGScheduler: Submitting ShuffleMapStage 10 (MapPartitionsRDD[34] at map at Graph.scala:27), which is now runnable
19/04/02 20:48:28 INFO MemoryStore: ensureFreeSpace(3528) called with curMem=190198, maxMem=555755765
19/04/02 20:48:28 INFO MemoryStore: Block broadcast_11 stored as values in memory (estimated size 3.4 KB, free 529.8 MB)
19/04/02 20:48:28 INFO MemoryStore: ensureFreeSpace(1844) called with curMem=193726, maxMem=555755765
19/04/02 20:48:28 INFO MemoryStore: Block broadcast_11_piece0 stored as bytes in memory (estimated size 1844.0 B, free 529.8 MB)
19/04/02 20:48:28 INFO BlockManagerInfo: Added broadcast_11_piece0 in memory on localhost:33318 (size: 1844.0 B, free: 530.0 MB)
19/04/02 20:48:28 INFO SparkContext: Created broadcast 11 from broadcast at DAGScheduler.scala:861
19/04/02 20:48:28 INFO DAGScheduler: Submitting 2 missing tasks from ShuffleMapStage 10 (MapPartitionsRDD[34] at map at Graph.scala:27)
19/04/02 20:48:28 INFO TaskSchedulerImpl: Adding task set 10.0 with 2 tasks
19/04/02 20:48:28 INFO TaskSetManager: Starting task 0.0 in stage 10.0 (TID 20, localhost, PROCESS_LOCAL, 2169 bytes)
19/04/02 20:48:28 INFO TaskSetManager: Starting task 1.0 in stage 10.0 (TID 21, localhost, PROCESS_LOCAL, 2169 bytes)
19/04/02 20:48:28 INFO Executor: Running task 1.0 in stage 10.0 (TID 21)
19/04/02 20:48:28 INFO ShuffleBlockFetcherIterator: Getting 2 non-empty blocks out of 2 blocks
19/04/02 20:48:28 INFO ShuffleBlockFetcherIterator: Started 0 remote fetches in 2 ms
19/04/02 20:48:28 INFO ShuffleBlockFetcherIterator: Getting 2 non-empty blocks out of 2 blocks
19/04/02 20:48:28 INFO ShuffleBlockFetcherIterator: Started 0 remote fetches in 0 ms
19/04/02 20:48:28 INFO Executor: Finished task 1.0 in stage 10.0 (TID 21). 1375 bytes result sent to driver
19/04/02 20:48:28 INFO TaskSetManager: Finished task 1.0 in stage 10.0 (TID 21) in 7 ms on localhost (1/2)
19/04/02 20:48:28 INFO Executor: Running task 0.0 in stage 10.0 (TID 20)
19/04/02 20:48:28 INFO ShuffleBlockFetcherIterator: Getting 2 non-empty blocks out of 2 blocks
19/04/02 20:48:28 INFO ShuffleBlockFetcherIterator: Started 0 remote fetches in 0 ms
19/04/02 20:48:28 INFO ShuffleBlockFetcherIterator: Getting 2 non-empty blocks out of 2 blocks
19/04/02 20:48:28 INFO ShuffleBlockFetcherIterator: Started 0 remote fetches in 0 ms
19/04/02 20:48:28 INFO Executor: Finished task 0.0 in stage 10.0 (TID 20). 1375 bytes result sent to driver
19/04/02 20:48:28 INFO TaskSetManager: Finished task 0.0 in stage 10.0 (TID 20) in 15 ms on localhost (2/2)
19/04/02 20:48:28 INFO TaskSchedulerImpl: Removed TaskSet 10.0, whose tasks have all completed, from pool 
19/04/02 20:48:28 INFO DAGScheduler: ShuffleMapStage 10 (map at Graph.scala:27) finished in 0.016 s
19/04/02 20:48:28 INFO DAGScheduler: looking for newly runnable stages
19/04/02 20:48:28 INFO DAGScheduler: running: Set()
19/04/02 20:48:28 INFO DAGScheduler: waiting: Set(ResultStage 12, ShuffleMapStage 11)
19/04/02 20:48:28 INFO DAGScheduler: failed: Set()
19/04/02 20:48:28 INFO DAGScheduler: Missing parents for ResultStage 12: List(ShuffleMapStage 11)
19/04/02 20:48:28 INFO DAGScheduler: Missing parents for ShuffleMapStage 11: List()
19/04/02 20:48:28 INFO DAGScheduler: Submitting ShuffleMapStage 11 (ShuffledRDD[35] at reduceByKey at Graph.scala:28), which is now runnable
19/04/02 20:48:28 INFO MemoryStore: ensureFreeSpace(2648) called with curMem=195570, maxMem=555755765
19/04/02 20:48:28 INFO MemoryStore: Block broadcast_12 stored as values in memory (estimated size 2.6 KB, free 529.8 MB)
19/04/02 20:48:28 INFO MemoryStore: ensureFreeSpace(1604) called with curMem=198218, maxMem=555755765
19/04/02 20:48:28 INFO MemoryStore: Block broadcast_12_piece0 stored as bytes in memory (estimated size 1604.0 B, free 529.8 MB)
19/04/02 20:48:28 INFO BlockManagerInfo: Added broadcast_12_piece0 in memory on localhost:33318 (size: 1604.0 B, free: 530.0 MB)
19/04/02 20:48:28 INFO SparkContext: Created broadcast 12 from broadcast at DAGScheduler.scala:861
19/04/02 20:48:28 INFO DAGScheduler: Submitting 2 missing tasks from ShuffleMapStage 11 (ShuffledRDD[35] at reduceByKey at Graph.scala:28)
19/04/02 20:48:28 INFO TaskSchedulerImpl: Adding task set 11.0 with 2 tasks
19/04/02 20:48:28 INFO TaskSetManager: Starting task 0.0 in stage 11.0 (TID 22, localhost, PROCESS_LOCAL, 1942 bytes)
19/04/02 20:48:28 INFO TaskSetManager: Starting task 1.0 in stage 11.0 (TID 23, localhost, PROCESS_LOCAL, 1942 bytes)
19/04/02 20:48:28 INFO Executor: Running task 1.0 in stage 11.0 (TID 23)
19/04/02 20:48:28 INFO ShuffleBlockFetcherIterator: Getting 2 non-empty blocks out of 2 blocks
19/04/02 20:48:28 INFO ShuffleBlockFetcherIterator: Started 0 remote fetches in 1 ms
19/04/02 20:48:28 INFO Executor: Running task 0.0 in stage 11.0 (TID 22)
19/04/02 20:48:28 INFO ShuffleBlockFetcherIterator: Getting 2 non-empty blocks out of 2 blocks
19/04/02 20:48:28 INFO ShuffleBlockFetcherIterator: Started 0 remote fetches in 0 ms
19/04/02 20:48:28 INFO Executor: Finished task 0.0 in stage 11.0 (TID 22). 1374 bytes result sent to driver
19/04/02 20:48:28 INFO TaskSetManager: Finished task 0.0 in stage 11.0 (TID 22) in 7 ms on localhost (1/2)
19/04/02 20:48:28 INFO Executor: Finished task 1.0 in stage 11.0 (TID 23). 1374 bytes result sent to driver
19/04/02 20:48:28 INFO TaskSetManager: Finished task 1.0 in stage 11.0 (TID 23) in 20 ms on localhost (2/2)
19/04/02 20:48:28 INFO TaskSchedulerImpl: Removed TaskSet 11.0, whose tasks have all completed, from pool 
19/04/02 20:48:28 INFO DAGScheduler: ShuffleMapStage 11 (reduceByKey at Graph.scala:28) finished in 0.013 s
19/04/02 20:48:28 INFO DAGScheduler: looking for newly runnable stages
19/04/02 20:48:28 INFO DAGScheduler: running: Set()
19/04/02 20:48:28 INFO DAGScheduler: waiting: Set(ResultStage 12)
19/04/02 20:48:28 INFO DAGScheduler: failed: Set()
19/04/02 20:48:28 INFO DAGScheduler: Missing parents for ResultStage 12: List()
19/04/02 20:48:28 INFO DAGScheduler: Submitting ResultStage 12 (ShuffledRDD[36] at sortByKey at Graph.scala:29), which is now runnable
19/04/02 20:48:28 INFO MemoryStore: ensureFreeSpace(2560) called with curMem=199822, maxMem=555755765
19/04/02 20:48:28 INFO MemoryStore: Block broadcast_13 stored as values in memory (estimated size 2.5 KB, free 529.8 MB)
19/04/02 20:48:28 INFO MemoryStore: ensureFreeSpace(1512) called with curMem=202382, maxMem=555755765
19/04/02 20:48:28 INFO MemoryStore: Block broadcast_13_piece0 stored as bytes in memory (estimated size 1512.0 B, free 529.8 MB)
19/04/02 20:48:28 INFO BlockManagerInfo: Added broadcast_13_piece0 in memory on localhost:33318 (size: 1512.0 B, free: 530.0 MB)
19/04/02 20:48:28 INFO SparkContext: Created broadcast 13 from broadcast at DAGScheduler.scala:861
19/04/02 20:48:28 INFO DAGScheduler: Submitting 1 missing tasks from ResultStage 12 (ShuffledRDD[36] at sortByKey at Graph.scala:29)
19/04/02 20:48:28 INFO TaskSchedulerImpl: Adding task set 12.0 with 1 tasks
19/04/02 20:48:28 INFO TaskSetManager: Starting task 0.0 in stage 12.0 (TID 24, localhost, PROCESS_LOCAL, 1953 bytes)
19/04/02 20:48:28 INFO Executor: Running task 0.0 in stage 12.0 (TID 24)
19/04/02 20:48:28 INFO ShuffleBlockFetcherIterator: Getting 2 non-empty blocks out of 2 blocks
19/04/02 20:48:28 INFO ShuffleBlockFetcherIterator: Started 0 remote fetches in 0 ms
19/04/02 20:48:28 INFO Executor: Finished task 0.0 in stage 12.0 (TID 24). 1387 bytes result sent to driver
19/04/02 20:48:28 INFO TaskSetManager: Finished task 0.0 in stage 12.0 (TID 24) in 13 ms on localhost (1/1)
19/04/02 20:48:28 INFO TaskSchedulerImpl: Removed TaskSet 12.0, whose tasks have all completed, from pool 
19/04/02 20:48:28 INFO DAGScheduler: ResultStage 12 (collect at Graph.scala:30) finished in 0.000 s
19/04/02 20:48:28 INFO DAGScheduler: Job 0 finished: collect at Graph.scala:30, took 0.806765 s
(0,3)
(1,7)
19/04/02 20:48:28 INFO SparkContext: Invoking stop() from shutdown hook
19/04/02 20:48:28 INFO SparkUI: Stopped Spark web UI at http://198.202.114.27:4040
19/04/02 20:48:28 INFO DAGScheduler: Stopping DAGScheduler
19/04/02 20:48:28 INFO MapOutputTrackerMasterEndpoint: MapOutputTrackerMasterEndpoint stopped!
19/04/02 20:48:28 INFO MemoryStore: MemoryStore cleared
19/04/02 20:48:28 INFO BlockManager: BlockManager stopped
19/04/02 20:48:28 INFO BlockManagerMaster: BlockManagerMaster stopped
19/04/02 20:48:28 INFO OutputCommitCoordinator$OutputCommitCoordinatorEndpoint: OutputCommitCoordinator stopped!
19/04/02 20:48:28 INFO SparkContext: Successfully stopped SparkContext
19/04/02 20:48:28 INFO ShutdownHookManager: Shutdown hook called
19/04/02 20:48:28 INFO ShutdownHookManager: Deleting directory /tmp/spark-d37b1d70-c25e-44e1-9a39-a2ba5b3bc521
19/04/02 20:48:28 INFO RemoteActorRefProvider$RemotingTerminator: Shutting down remote daemon.
19/04/02 20:48:28 INFO RemoteActorRefProvider$RemotingTerminator: Remote daemon shut down; proceeding with flushing remote transports.
